<?xml version="1.0" encoding="UTF-8"?>
<testng-results skipped="0" failed="0" total="2" passed="2">
  <reporter-output>
  </reporter-output>
  <suite name="Default suite" duration-ms="47" started-at="2020-09-29T16:30:16Z" finished-at="2020-09-29T16:30:16Z">
    <groups>
    </groups>
    <test name="Default test" duration-ms="47" started-at="2020-09-29T16:30:16Z" finished-at="2020-09-29T16:30:16Z">
      <class name="mockInterview1.TestNG1">
        <test-method status="PASS" signature="c()[pri:0, instance:mockInterview1.TestNG1@48524010]" name="c" is-config="true" duration-ms="15" started-at="2020-09-29T12:30:16Z" finished-at="2020-09-29T12:30:16Z">
          <reporter-output>
          </reporter-output>
        </test-method> <!-- c -->
        <test-method status="PASS" signature="b()[pri:0, instance:mockInterview1.TestNG1@48524010]" name="b" is-config="true" duration-ms="0" started-at="2020-09-29T12:30:16Z" finished-at="2020-09-29T12:30:16Z">
          <reporter-output>
          </reporter-output>
        </test-method> <!-- b -->
        <test-method status="PASS" signature="e()[pri:0, instance:mockInterview1.TestNG1@48524010]" name="e" is-config="true" duration-ms="1" started-at="2020-09-29T12:30:16Z" finished-at="2020-09-29T12:30:16Z">
          <reporter-output>
          </reporter-output>
        </test-method> <!-- e -->
        <test-method status="PASS" signature="a1()[pri:0, instance:mockInterview1.TestNG1@48524010]" name="a1" duration-ms="18" started-at="2020-09-29T12:30:16Z" finished-at="2020-09-29T12:30:16Z">
          <reporter-output>
          </reporter-output>
        </test-method> <!-- a1 -->
        <test-method status="PASS" signature="h()[pri:0, instance:mockInterview1.TestNG1@48524010]" name="h" is-config="true" duration-ms="0" started-at="2020-09-29T12:30:16Z" finished-at="2020-09-29T12:30:16Z">
          <reporter-output>
          </reporter-output>
        </test-method> <!-- h -->
        <test-method status="PASS" signature="d()[pri:0, instance:mockInterview1.TestNG1@48524010]" name="d" is-config="true" duration-ms="1" started-at="2020-09-29T12:30:16Z" finished-at="2020-09-29T12:30:16Z">
          <reporter-output>
          </reporter-output>
        </test-method> <!-- d -->
        <test-method status="PASS" signature="h()[pri:0, instance:mockInterview1.TestNG1@48524010]" name="h" is-config="true" duration-ms="1" started-at="2020-09-29T12:30:16Z" finished-at="2020-09-29T12:30:16Z">
          <reporter-output>
          </reporter-output>
        </test-method> <!-- h -->
        <test-method status="PASS" signature="a2()[pri:0, instance:mockInterview1.TestNG1@48524010]" name="a2" duration-ms="4" started-at="2020-09-29T12:30:16Z" finished-at="2020-09-29T12:30:16Z">
          <reporter-output>
          </reporter-output>
        </test-method> <!-- a2 -->
        <test-method status="PASS" signature="d()[pri:0, instance:mockInterview1.TestNG1@48524010]" name="d" is-config="true" duration-ms="0" started-at="2020-09-29T12:30:16Z" finished-at="2020-09-29T12:30:16Z">
          <reporter-output>
          </reporter-output>
        </test-method> <!-- d -->
        <test-method status="PASS" signature="g()[pri:0, instance:mockInterview1.TestNG1@48524010]" name="g" is-config="true" duration-ms="0" started-at="2020-09-29T12:30:16Z" finished-at="2020-09-29T12:30:16Z">
          <reporter-output>
          </reporter-output>
        </test-method> <!-- g -->
        <test-method status="PASS" signature="f()[pri:0, instance:mockInterview1.TestNG1@48524010]" name="f" is-config="true" duration-ms="0" started-at="2020-09-29T12:30:16Z" finished-at="2020-09-29T12:30:16Z">
          <reporter-output>
          </reporter-output>
        </test-method> <!-- f -->
        <test-method status="PASS" signature="i()[pri:0, instance:mockInterview1.TestNG1@48524010]" name="i" is-config="true" duration-ms="0" started-at="2020-09-29T12:30:16Z" finished-at="2020-09-29T12:30:16Z">
          <reporter-output>
          </reporter-output>
        </test-method> <!-- i -->
      </class> <!-- mockInterview1.TestNG1 -->
    </test> <!-- Default test -->
  </suite> <!-- Default suite -->
</testng-results>
