<?xml version="1.0" encoding="UTF-8"?>
<testng-results skipped="0" failed="0" total="1" passed="1">
  <reporter-output>
  </reporter-output>
  <suite name="Default suite" duration-ms="11760" started-at="2020-10-15T14:57:07Z" finished-at="2020-10-15T14:57:18Z">
    <groups>
    </groups>
    <test name="Default test" duration-ms="11760" started-at="2020-10-15T14:57:07Z" finished-at="2020-10-15T14:57:18Z">
      <class name="com.qa.hs.tests.LoginTest">
        <test-method status="PASS" signature="loginTest()[pri:0, instance:com.qa.hs.tests.LoginTest@2aece37d]" name="loginTest" duration-ms="11726" started-at="2020-10-15T10:57:07Z" finished-at="2020-10-15T10:57:18Z">
          <reporter-output>
          </reporter-output>
        </test-method> <!-- loginTest -->
      </class> <!-- com.qa.hs.tests.LoginTest -->
    </test> <!-- Default test -->
  </suite> <!-- Default suite -->
</testng-results>
